<?xml version="1.0" encoding="UTF-8"?><testsuite errors="0" failures="2" name="io.cucumber.core.plugin.JUnitFormatter" skipped="0" tests="2" time="2.918">
<testcase classname="Customer Creation Feature" name="Search the Customer details" time="2.326">
<failure message="" type="java.lang.NullPointerException"><![CDATA[And I Ensure application is opened successfully.............................skipped
When I click on Bank Manager Login Button...................................skipped
And I click on Customers Button.............................................skipped
Then I should see the search customer text box..............................skipped
When I enter first_name in search field as "ABC"............................skipped
Then Customer details should be visible Successfully........................skipped

StackTrace:
java.lang.NullPointerException
	at java.util.Properties$LineReader.readLine(Properties.java:434)
	at java.util.Properties.load0(Properties.java:353)
	at java.util.Properties.load(Properties.java:341)
	at com.hm.framework.config.ConfigReader.ReadProperty(ConfigReader.java:22)
	at com.hm.framework.config.ConfigReader.PopulateSettings(ConfigReader.java:13)
	at com.hm.test.steps.TestInitialize.Initialize(TestInitialize.java:33)
]]></failure>
</testcase>
<testcase classname="Customer Creation Feature" name="Search the Customer details 2" time="0.027">
<failure message="" type="java.lang.NullPointerException"><![CDATA[And I Ensure application is opened successfully.............................skipped
When I click on Bank Manager Login Button...................................skipped
And I click on Customers Button.............................................skipped
Then I should see the search customer text box..............................skipped
When I enter first_name in search field as "Harry"..........................skipped
Then Customer details should be visible Successfully........................skipped

StackTrace:
java.lang.NullPointerException
	at java.util.Properties$LineReader.readLine(Properties.java:434)
	at java.util.Properties.load0(Properties.java:353)
	at java.util.Properties.load(Properties.java:341)
	at com.hm.framework.config.ConfigReader.ReadProperty(ConfigReader.java:22)
	at com.hm.framework.config.ConfigReader.PopulateSettings(ConfigReader.java:13)
	at com.hm.test.steps.TestInitialize.Initialize(TestInitialize.java:33)
]]></failure>
</testcase>
</testsuite>
