<?xml version="1.0" encoding="UTF-8"?>
<testng-results skipped="0" failed="0" ignored="0" total="1" passed="1">
  <reporter-output>
  </reporter-output>
  <suite name="Suite" duration-ms="77471" started-at="2021-10-25T10:16:39 IST" finished-at="2021-10-25T10:17:57 IST">
    <groups>
    </groups>
    <test name="Test" duration-ms="77471" started-at="2021-10-25T10:16:39 IST" finished-at="2021-10-25T10:17:57 IST">
      <class name="TestCases.LoginTest">
        <test-method status="PASS" signature="setUp()[pri:0, instance:TestCases.LoginTest@7a419da4]" name="setUp" is-config="true" duration-ms="61429" started-at="2021-10-25T10:16:39 IST" finished-at="2021-10-25T10:17:41 IST">
          <reporter-output>
          </reporter-output>
        </test-method> <!-- setUp -->
        <test-method status="PASS" signature="Login()[pri:0, instance:TestCases.LoginTest@7a419da4]" name="Login" duration-ms="10937" started-at="2021-10-25T10:17:41 IST" finished-at="2021-10-25T10:17:52 IST">
          <reporter-output>
          </reporter-output>
        </test-method> <!-- Login -->
        <test-method status="PASS" signature="tearDown()[pri:0, instance:TestCases.LoginTest@7a419da4]" name="tearDown" is-config="true" duration-ms="3237" started-at="2021-10-25T10:17:54 IST" finished-at="2021-10-25T10:17:57 IST">
          <reporter-output>
          </reporter-output>
        </test-method> <!-- tearDown -->
      </class> <!-- TestCases.LoginTest -->
    </test> <!-- Test -->
  </suite> <!-- Suite -->
</testng-results>
