<?xml version="1.0" encoding="UTF-8"?>
<testng-results skipped="0" failed="0" ignored="0" total="1" passed="1">
  <reporter-output>
  </reporter-output>
  <suite name="Default suite" duration-ms="31664" started-at="2021-10-23T12:01:27Z" finished-at="2021-10-23T12:01:59Z">
    <groups>
    </groups>
    <test name="Default test" duration-ms="31664" started-at="2021-10-23T12:01:27Z" finished-at="2021-10-23T12:01:59Z">
      <class name="TestCases.LoginTest">
        <test-method status="PASS" signature="setUp()[pri:0, instance:TestCases.LoginTest@15b204a1]" name="setUp" is-config="true" duration-ms="22154" started-at="2021-10-23T12:01:27Z" finished-at="2021-10-23T12:01:49Z">
          <reporter-output>
          </reporter-output>
        </test-method> <!-- setUp -->
        <test-method status="PASS" signature="Login()[pri:0, instance:TestCases.LoginTest@15b204a1]" name="Login" duration-ms="8780" started-at="2021-10-23T12:01:49Z" finished-at="2021-10-23T12:01:58Z">
          <reporter-output>
          </reporter-output>
        </test-method> <!-- Login -->
        <test-method status="PASS" signature="tearDown()[pri:0, instance:TestCases.LoginTest@15b204a1]" name="tearDown" is-config="true" duration-ms="165" started-at="2021-10-23T12:01:59Z" finished-at="2021-10-23T12:01:59Z">
          <reporter-output>
          </reporter-output>
        </test-method> <!-- tearDown -->
      </class> <!-- TestCases.LoginTest -->
    </test> <!-- Default test -->
  </suite> <!-- Default suite -->
</testng-results>
