<?xml version="1.0" encoding="UTF-8"?>
<!-- Generated by org.testng.reporters.JUnitXMLReporter -->
<testsuite hostname="lenovo" ignored="0" name="Regression" tests="2" failures="2" timestamp="2021-10-27T17:14:27 IST" time="10.906" errors="0">
  <testcase name="runScenario" time="2.631" classname="io.cucumber.testng.AbstractTestNGCucumberTests">
    <failure type="java.lang.NullPointerException">
      <![CDATA[java.lang.NullPointerException
at java.util.Properties$LineReader.readLine(Properties.java:434)
at java.util.Properties.load0(Properties.java:353)
at java.util.Properties.load(Properties.java:341)
at com.hm.framework.config.ConfigReader.ReadProperty(ConfigReader.java:22)
at com.hm.framework.config.ConfigReader.PopulateSettings(ConfigReader.java:13)
at com.hm.test.steps.TestInitialize.Initialize(TestInitialize.java:33)
]]>
    </failure>
  </testcase> <!-- runScenario -->
  <testcase name="runScenario" time="0.073" classname="io.cucumber.testng.AbstractTestNGCucumberTests">
    <failure type="java.lang.NullPointerException">
      <![CDATA[java.lang.NullPointerException
at java.util.Properties$LineReader.readLine(Properties.java:434)
at java.util.Properties.load0(Properties.java:353)
at java.util.Properties.load(Properties.java:341)
at com.hm.framework.config.ConfigReader.ReadProperty(ConfigReader.java:22)
at com.hm.framework.config.ConfigReader.PopulateSettings(ConfigReader.java:13)
at com.hm.test.steps.TestInitialize.Initialize(TestInitialize.java:33)
]]>
    </failure>
  </testcase> <!-- runScenario -->
</testsuite> <!-- Regression -->
